<?xml version="1.0" encoding="UTF-8"?>
<!-- Generated by org.testng.reporters.JUnitReportReporter -->
<testsuite hostname="AMIT-PC" failures="0" tests="5" name="com.comcast.crm.TestNG_BaseClass.CreatePriceBook_Test" time="13.124" errors="3" timestamp="2025-04-19T10:06:20 IST" skipped="1">
  <testcase classname="com.comcast.crm.TestNG_BaseClass.CreatePriceBook_Test" name="UsingPOMCreateAPricebook_DeleteAndValidateTest" time="0.000">
    <skipped/>
  </testcase> <!-- UsingPOMCreateAPricebook_DeleteAndValidateTest -->
  <testcase classname="com.comcast.crm.TestNG_BaseClass.CreatePriceBook_Test" name="toLoginTheApplication" time="0.008">
    <error message="Cannot invoke &quot;org.openqa.selenium.WebDriver.get(String)&quot; because &quot;this.driver&quot; is null" type="java.lang.NullPointerException">
      <![CDATA[java.lang.NullPointerException: Cannot invoke "org.openqa.selenium.WebDriver.get(String)" because "this.driver" is null
at com.comcast.crm.ObjectRepositoryUtility.LoginPage.loginAction(LoginPage.java:41)
at com.comcast.crm.generic.BaseUtility.BaseClass.toLoginTheApplication(BaseClass.java:82)
at java.base/jdk.internal.reflect.DirectMethodHandleAccessor.invoke(DirectMethodHandleAccessor.java:103)
at java.base/java.lang.reflect.Method.invoke(Method.java:580)
at org.testng.internal.invokers.MethodInvocationHelper.invokeMethod(MethodInvocationHelper.java:141)
at org.testng.internal.invokers.MethodInvocationHelper.invokeMethodConsideringTimeout(MethodInvocationHelper.java:71)
at org.testng.internal.invokers.ConfigInvoker.invokeConfigurationMethod(ConfigInvoker.java:400)
at org.testng.internal.invokers.ConfigInvoker.invokeConfigurations(ConfigInvoker.java:333)
at org.testng.internal.invokers.TestInvoker.runConfigMethods(TestInvoker.java:836)
at org.testng.internal.invokers.TestInvoker.invokeMethod(TestInvoker.java:601)
at org.testng.internal.invokers.TestInvoker.invokeTestMethod(TestInvoker.java:230)
at org.testng.internal.invokers.MethodRunner.runInSequence(MethodRunner.java:63)
at org.testng.internal.invokers.TestInvoker$MethodInvocationAgent.invoke(TestInvoker.java:995)
at org.testng.internal.invokers.TestInvoker.invokeTestMethods(TestInvoker.java:203)
at org.testng.internal.invokers.TestMethodWorker.invokeTestMethods(TestMethodWorker.java:154)
at org.testng.internal.invokers.TestMethodWorker.run(TestMethodWorker.java:134)
at java.base/java.util.ArrayList.forEach(ArrayList.java:1596)
at org.testng.TestRunner.privateRun(TestRunner.java:741)
at org.testng.TestRunner.run(TestRunner.java:616)
at org.testng.SuiteRunner.runTest(SuiteRunner.java:421)
at org.testng.SuiteRunner$SuiteWorker.run(SuiteRunner.java:463)
at org.testng.internal.thread.ThreadUtil.lambda$execute$0(ThreadUtil.java:64)
at java.base/java.util.concurrent.FutureTask.run(FutureTask.java:317)
at java.base/java.util.concurrent.ThreadPoolExecutor.runWorker(ThreadPoolExecutor.java:1144)
at java.base/java.util.concurrent.ThreadPoolExecutor$Worker.run(ThreadPoolExecutor.java:642)
at java.base/java.lang.Thread.run(Thread.java:1583)
]]>
    </error>
  </testcase> <!-- toLoginTheApplication -->
  <testcase classname="com.comcast.crm.TestNG_BaseClass.CreatePriceBook_Test" name="toLogoutApplication" time="0.011">
    <error message="Driver must be set" type="java.lang.IllegalArgumentException">
      <![CDATA[java.lang.IllegalArgumentException: Driver must be set
at org.openqa.selenium.internal.Require.nonNull(Require.java:60)
at org.openqa.selenium.interactions.Actions.<init>(Actions.java:59)
at com.comcast.crm.generic.WebdriverUtility.DriverUtility.toMouseHover(DriverUtility.java:310)
at com.comcast.crm.ObjectRepositoryUtility.HomePage.signOutAction(HomePage.java:110)
at com.comcast.crm.generic.BaseUtility.BaseClass.toLogoutApplication(BaseClass.java:94)
at java.base/jdk.internal.reflect.DirectMethodHandleAccessor.invoke(DirectMethodHandleAccessor.java:103)
at java.base/java.lang.reflect.Method.invoke(Method.java:580)
at org.testng.internal.invokers.MethodInvocationHelper.invokeMethod(MethodInvocationHelper.java:141)
at org.testng.internal.invokers.MethodInvocationHelper.invokeMethodConsideringTimeout(MethodInvocationHelper.java:71)
at org.testng.internal.invokers.ConfigInvoker.invokeConfigurationMethod(ConfigInvoker.java:400)
at org.testng.internal.invokers.ConfigInvoker.invokeConfigurations(ConfigInvoker.java:333)
at org.testng.internal.invokers.TestInvoker.runConfigMethods(TestInvoker.java:836)
at org.testng.internal.invokers.TestInvoker.runAfterConfigurations(TestInvoker.java:805)
at org.testng.internal.invokers.TestInvoker.invokeMethod(TestInvoker.java:623)
at org.testng.internal.invokers.TestInvoker.invokeTestMethod(TestInvoker.java:230)
at org.testng.internal.invokers.MethodRunner.runInSequence(MethodRunner.java:63)
at org.testng.internal.invokers.TestInvoker$MethodInvocationAgent.invoke(TestInvoker.java:995)
at org.testng.internal.invokers.TestInvoker.invokeTestMethods(TestInvoker.java:203)
at org.testng.internal.invokers.TestMethodWorker.invokeTestMethods(TestMethodWorker.java:154)
at org.testng.internal.invokers.TestMethodWorker.run(TestMethodWorker.java:134)
at java.base/java.util.ArrayList.forEach(ArrayList.java:1596)
at org.testng.TestRunner.privateRun(TestRunner.java:741)
at org.testng.TestRunner.run(TestRunner.java:616)
at org.testng.SuiteRunner.runTest(SuiteRunner.java:421)
at org.testng.SuiteRunner$SuiteWorker.run(SuiteRunner.java:463)
at org.testng.internal.thread.ThreadUtil.lambda$execute$0(ThreadUtil.java:64)
at java.base/java.util.concurrent.FutureTask.run(FutureTask.java:317)
at java.base/java.util.concurrent.ThreadPoolExecutor.runWorker(ThreadPoolExecutor.java:1144)
at java.base/java.util.concurrent.ThreadPoolExecutor$Worker.run(ThreadPoolExecutor.java:642)
at java.base/java.lang.Thread.run(Thread.java:1583)
]]>
    </error>
  </testcase> <!-- toLogoutApplication -->
  <testcase classname="com.comcast.crm.TestNG_BaseClass.CreatePriceBook_Test" name="UsingPOMCreateAPricebook_DeleteAndValidateTest" time="13.100">
    <system-out>
      <![CDATA[-----Pricebook Header Validation-----
Broke_0 =======> Information Verified ====> PASS
-----Pricebook Info Validation-----
Broke_0 =======> Information Verified ====> PASS
-----Currency Info Validation-----
India, Rupees =======> Information Verified ====> PASS
-----Broke_0 Validation-----
No PriceBook Found ! =======> Information Verified ====> PASS]]>
    </system-out>
  </testcase> <!-- UsingPOMCreateAPricebook_DeleteAndValidateTest -->
  <testcase classname="com.comcast.crm.TestNG_BaseClass.CreatePriceBook_Test" name="toLauchBrowser" time="0.005">
    <error message="Cannot invoke &quot;org.openqa.selenium.WebDriver.manage()&quot; because &quot;driver&quot; is null" type="java.lang.NullPointerException">
      <![CDATA[java.lang.NullPointerException: Cannot invoke "org.openqa.selenium.WebDriver.manage()" because "driver" is null
at com.comcast.crm.generic.WebdriverUtility.DriverUtility.toMaximize(DriverUtility.java:34)
at com.comcast.crm.generic.BaseUtility.BaseClass.toLauchBrowser(BaseClass.java:68)
at java.base/jdk.internal.reflect.DirectMethodHandleAccessor.invoke(DirectMethodHandleAccessor.java:103)
at java.base/java.lang.reflect.Method.invoke(Method.java:580)
at org.testng.internal.invokers.MethodInvocationHelper.invokeMethod(MethodInvocationHelper.java:141)
at org.testng.internal.invokers.MethodInvocationHelper.invokeMethodConsideringTimeout(MethodInvocationHelper.java:71)
at org.testng.internal.invokers.ConfigInvoker.invokeConfigurationMethod(ConfigInvoker.java:400)
at org.testng.internal.invokers.ConfigInvoker.invokeConfigurations(ConfigInvoker.java:333)
at org.testng.internal.invokers.TestMethodWorker.invokeBeforeClassMethods(TestMethodWorker.java:188)
at org.testng.internal.invokers.TestMethodWorker.run(TestMethodWorker.java:128)
at java.base/java.util.ArrayList.forEach(ArrayList.java:1596)
at org.testng.TestRunner.privateRun(TestRunner.java:741)
at org.testng.TestRunner.run(TestRunner.java:616)
at org.testng.SuiteRunner.runTest(SuiteRunner.java:421)
at org.testng.SuiteRunner$SuiteWorker.run(SuiteRunner.java:463)
at org.testng.internal.thread.ThreadUtil.lambda$execute$0(ThreadUtil.java:64)
at java.base/java.util.concurrent.FutureTask.run(FutureTask.java:317)
at java.base/java.util.concurrent.ThreadPoolExecutor.runWorker(ThreadPoolExecutor.java:1144)
at java.base/java.util.concurrent.ThreadPoolExecutor$Worker.run(ThreadPoolExecutor.java:642)
at java.base/java.lang.Thread.run(Thread.java:1583)
]]>
    </error>
  </testcase> <!-- toLauchBrowser -->
  <system-out>
    <![CDATA[-----Product Header Validation-----
Router_4134 =======> Information Verified ====> PASS
-----Product Data Validation-----
Router_4134 =======> Information Verified ====> PASS
-----Sales Start Date Validation-----
2025-04-19 =======> Information Verified ====> PASS
-----Sales End Date Validation-----
2025-04-26 =======> Information Verified ====> PASS
-----Sales Category Validation-----
2025-10-16 =======> Information Verified ====> PASS
-----Manufacturer Validation-----
LexPon Inc. =======> Information Verified ====> PASS
-----Support Expiry Validation-----
2025-10-16 =======> Information Verified ====> PASS
-----Pricebook Header Validation-----
Broke_0 =======> Information Verified ====> PASS
-----Pricebook Info Validation-----
Broke_0 =======> Information Verified ====> PASS
-----Currency Info Validation-----
India, Rupees =======> Information Verified ====> PASS
-----Broke_0 Validation-----
No PriceBook Found ! =======> Information Verified ====> PASS
-----Lead Header Validation-----
Anybody_4388 =======> Information Verified ====> PASS
-----Lead Info Validation-----
Anybody_4388 =======> Information Verified ====> PASS
-----Company Info Validation-----
Bull and Bear =======> Information Verified ====> PASS
-----Industry Validation-----
Finance =======> Information Verified ====> PASS
-----Lead Source Validation-----
Employee =======> Information Verified ====> PASS
-----Lead Status Validation-----
Pre Qualified =======> Information Verified ====> PASS
-----Rating Validation-----
Acquired =======> Information Verified ====> PASS]]>
  </system-out>
</testsuite> <!-- com.comcast.crm.TestNG_BaseClass.CreatePriceBook_Test -->
