<?xml version="1.0" encoding="UTF-8"?>
<testng-results ignored="2" total="3" passed="0" failed="1" skipped="0">
  <reporter-output>
    <line>
      <![CDATA[-----Organization Header Validation-----]]>
    </line>
    <line>
      <![CDATA[Pyramid Lenovo_2823 =======> Information Verified ====> PASS]]>
    </line>
    <line>
      <![CDATA[-----Organization Info Validation-----]]>
    </line>
    <line>
      <![CDATA[ =======> Information not Verified ====> FAIL]]>
    </line>
  </reporter-output>
  <suite started-at="2025-04-30T02:04:48 IST" name="Default suite" finished-at="2025-04-30T02:05:02 IST" duration-ms="13506">
    <groups>
      <group name="smoke">
        <method signature="CreateOrganization_Test.UsingPOMCreateOrganizationAndValidateTest()[pri:0, instance:com.comcast.crm.TestNG_BaseClass.CreateOrganization_Test@2a5c8d3f]" name="UsingPOMCreateOrganizationAndValidateTest" class="com.comcast.crm.TestNG_BaseClass.CreateOrganization_Test"/>
      </group> <!-- smoke -->
    </groups>
    <test started-at="2025-04-30T02:04:48 IST" name="Default test" finished-at="2025-04-30T02:05:02 IST" duration-ms="13506">
      <class name="com.comcast.crm.TestNG_BaseClass.CreateOrganization_Test">
        <test-method is-config="true" signature="connectToDatabase()[pri:0, instance:com.comcast.crm.TestNG_BaseClass.CreateOrganization_Test@2a5c8d3f]" started-at="2025-04-30T02:04:47 IST" name="connectToDatabase" finished-at="2025-04-30T02:04:48 IST" duration-ms="993" status="PASS">
          <reporter-output>
          </reporter-output>
        </test-method> <!-- connectToDatabase -->
        <test-method is-config="true" signature="configBT()[pri:0, instance:com.comcast.crm.TestNG_BaseClass.CreateOrganization_Test@2a5c8d3f]" started-at="2025-04-30T02:04:48 IST" name="configBT" finished-at="2025-04-30T02:04:48 IST" duration-ms="1" status="PASS">
          <reporter-output>
          </reporter-output>
        </test-method> <!-- configBT -->
        <test-method is-config="true" signature="toLauchBrowser(java.lang.String)[pri:0, instance:com.comcast.crm.TestNG_BaseClass.CreateOrganization_Test@2a5c8d3f]" started-at="2025-04-30T02:04:48 IST" name="toLauchBrowser" finished-at="2025-04-30T02:04:51 IST" duration-ms="2721" status="PASS">
          <params>
            <param index="0">
              <value>
                <![CDATA[chrome]]>
              </value>
            </param>
          </params>
          <reporter-output>
          </reporter-output>
        </test-method> <!-- toLauchBrowser -->
        <test-method is-config="true" signature="toLoginTheApplication()[pri:0, instance:com.comcast.crm.TestNG_BaseClass.CreateOrganization_Test@2a5c8d3f]" started-at="2025-04-30T02:04:51 IST" name="toLoginTheApplication" finished-at="2025-04-30T02:04:52 IST" duration-ms="786" status="PASS">
          <reporter-output>
          </reporter-output>
        </test-method> <!-- toLoginTheApplication -->
        <test-method signature="UsingPOMCreateOrganizationAndValidateTest()[pri:0, instance:com.comcast.crm.TestNG_BaseClass.CreateOrganization_Test@2a5c8d3f]" started-at="2025-04-30T02:04:52 IST" name="UsingPOMCreateOrganizationAndValidateTest" finished-at="2025-04-30T02:05:00 IST" duration-ms="8279" status="FAIL">
          <exception class="java.lang.AssertionError">
            <message>
              <![CDATA[Organization Info Validation expected [true] but found [false]]]>
            </message>
            <full-stacktrace>
              <![CDATA[java.lang.AssertionError: Organization Info Validation expected [true] but found [false]
at org.testng.Assert.fail(Assert.java:111)
at org.testng.Assert.failNotEquals(Assert.java:1590)
at org.testng.Assert.assertTrue(Assert.java:57)
at com.comcast.crm.generic.WebdriverUtility.DriverUtility.toValidateActualAndExpectedData(DriverUtility.java:56)
at com.comcast.crm.TestNG_BaseClass.CreateOrganization_Test.UsingPOMCreateOrganizationAndValidateTest(CreateOrganization_Test.java:47)
at java.base/jdk.internal.reflect.DirectMethodHandleAccessor.invoke(DirectMethodHandleAccessor.java:103)
at java.base/java.lang.reflect.Method.invoke(Method.java:580)
at org.testng.internal.invokers.MethodInvocationHelper.invokeMethod(MethodInvocationHelper.java:141)
at org.testng.internal.invokers.TestInvoker.invokeMethod(TestInvoker.java:687)
at org.testng.internal.invokers.TestInvoker.invokeTestMethod(TestInvoker.java:230)
at org.testng.internal.invokers.MethodRunner.runInSequence(MethodRunner.java:63)
at org.testng.internal.invokers.TestInvoker$MethodInvocationAgent.invoke(TestInvoker.java:995)
at org.testng.internal.invokers.TestInvoker.invokeTestMethods(TestInvoker.java:203)
at org.testng.internal.invokers.TestMethodWorker.invokeTestMethods(TestMethodWorker.java:154)
at org.testng.internal.invokers.TestMethodWorker.run(TestMethodWorker.java:134)
at java.base/java.util.ArrayList.forEach(ArrayList.java:1596)
at org.testng.TestRunner.privateRun(TestRunner.java:741)
at org.testng.TestRunner.run(TestRunner.java:616)
at org.testng.SuiteRunner.runTest(SuiteRunner.java:421)
at org.testng.SuiteRunner.runSequentially(SuiteRunner.java:413)
at org.testng.SuiteRunner.privateRun(SuiteRunner.java:373)
at org.testng.SuiteRunner.run(SuiteRunner.java:312)
at org.testng.SuiteRunnerWorker.runSuite(SuiteRunnerWorker.java:52)
at org.testng.SuiteRunnerWorker.run(SuiteRunnerWorker.java:95)
at org.testng.TestNG.runSuitesSequentially(TestNG.java:1274)
at org.testng.TestNG.runSuitesLocally(TestNG.java:1208)
at org.testng.TestNG.runSuites(TestNG.java:1112)
at org.testng.TestNG.run(TestNG.java:1079)
at org.testng.remote.AbstractRemoteTestNG.run(AbstractRemoteTestNG.java:115)
at org.testng.remote.RemoteTestNG.initAndRun(RemoteTestNG.java:293)
at org.testng.remote.RemoteTestNG.main(RemoteTestNG.java:91)
]]>
            </full-stacktrace>
          </exception> <!-- java.lang.AssertionError -->
          <reporter-output>
            <line>
              <![CDATA[-----Organization Header Validation-----]]>
            </line>
            <line>
              <![CDATA[Pyramid Lenovo_2823 =======> Information Verified ====> PASS]]>
            </line>
            <line>
              <![CDATA[-----Organization Info Validation-----]]>
            </line>
            <line>
              <![CDATA[ =======> Information not Verified ====> FAIL]]>
            </line>
          </reporter-output>
        </test-method> <!-- UsingPOMCreateOrganizationAndValidateTest -->
        <test-method is-config="true" signature="toLogoutApplication()[pri:0, instance:com.comcast.crm.TestNG_BaseClass.CreateOrganization_Test@2a5c8d3f]" started-at="2025-04-30T02:05:00 IST" name="toLogoutApplication" finished-at="2025-04-30T02:05:01 IST" duration-ms="1241" status="PASS">
          <reporter-output>
          </reporter-output>
        </test-method> <!-- toLogoutApplication -->
        <test-method is-config="true" signature="closeBrowser()[pri:0, instance:com.comcast.crm.TestNG_BaseClass.CreateOrganization_Test@2a5c8d3f]" started-at="2025-04-30T02:05:01 IST" name="closeBrowser" finished-at="2025-04-30T02:05:02 IST" duration-ms="392" status="PASS">
          <reporter-output>
          </reporter-output>
        </test-method> <!-- closeBrowser -->
        <test-method is-config="true" signature="configAT()[pri:0, instance:com.comcast.crm.TestNG_BaseClass.CreateOrganization_Test@2a5c8d3f]" started-at="2025-04-30T02:05:02 IST" name="configAT" finished-at="2025-04-30T02:05:02 IST" duration-ms="1" status="PASS">
          <reporter-output>
          </reporter-output>
        </test-method> <!-- configAT -->
        <test-method is-config="true" signature="closeDatabaseConnection()[pri:0, instance:com.comcast.crm.TestNG_BaseClass.CreateOrganization_Test@2a5c8d3f]" started-at="2025-04-30T02:05:02 IST" name="closeDatabaseConnection" finished-at="2025-04-30T02:05:02 IST" duration-ms="9" status="PASS">
          <reporter-output>
          </reporter-output>
        </test-method> <!-- closeDatabaseConnection -->
      </class> <!-- com.comcast.crm.TestNG_BaseClass.CreateOrganization_Test -->
    </test> <!-- Default test -->
  </suite> <!-- Default suite -->
</testng-results>
